info it worked if it ends with ok
verbose cli [ 'node', '/usr/local/bin/npm', 'publish' ]
info using npm@1.0.106
info using node@v0.6.12
verbose config file /Users/craig/.npmrc
verbose config file /usr/local/etc/npmrc
verbose config file /usr/local/lib/node_modules/npm/npmrc
verbose publish [ '.' ]
silly testEngine { author: { name: 'Craig Condon' },
silly testEngine   name: 'cronworker',
silly testEngine   description: 'cron tabs + node jobs',
silly testEngine   version: '0.0.1',
silly testEngine   repository: 
silly testEngine    { type: 'git',
silly testEngine      url: 'git://github.com/crcn/node-cronworker.git' },
silly testEngine   main: './lib/index.js',
silly testEngine   dependencies: 
silly testEngine    { async: '0.1.x',
silly testEngine      structr: '0.2.x',
silly testEngine      tq: '0.0.x',
silly testEngine      step: '0.0.x',
silly testEngine      mongoose: '2.6.x',
silly testEngine      outcome: '0.0.x',
silly testEngine      cashew: '0.0.x' },
silly testEngine   devDependencies: {},
silly testEngine   _npmUser: { name: 'architectd', email: 'craig.j.condon@gmail.com' },
silly testEngine   _id: 'cronworker@0.0.1',
silly testEngine   engines: { node: '*' },
silly testEngine   _engineSupported: true,
silly testEngine   _npmVersion: '1.0.106',
silly testEngine   _nodeVersion: 'v0.6.12',
silly testEngine   _defaultsLoaded: true,
silly testEngine   scripts: {} }
verbose caching /Users/craig/Developer/Public/node-cronworker/package.json
verbose loadDefaults cronworker@0.0.1
info prepublish cronworker@0.0.1
verbose cache add [ '.', null ]
silly cache add: name, spec, args [ undefined, '.', [ '.', null ] ]
verbose parsed url { pathname: '.', path: '.', href: '.' }
silly testEngine { author: { name: 'Craig Condon' },
silly testEngine   name: 'cronworker',
silly testEngine   description: 'cron tabs + node jobs',
silly testEngine   version: '0.0.1',
silly testEngine   repository: 
silly testEngine    { type: 'git',
silly testEngine      url: 'git://github.com/crcn/node-cronworker.git' },
silly testEngine   main: './lib/index.js',
silly testEngine   dependencies: 
silly testEngine    { async: '0.1.x',
silly testEngine      structr: '0.2.x',
silly testEngine      tq: '0.0.x',
silly testEngine      step: '0.0.x',
silly testEngine      mongoose: '2.6.x',
silly testEngine      outcome: '0.0.x',
silly testEngine      cashew: '0.0.x' },
silly testEngine   devDependencies: {},
silly testEngine   _npmUser: { name: 'architectd', email: 'craig.j.condon@gmail.com' },
silly testEngine   _id: 'cronworker@0.0.1',
silly testEngine   engines: { node: '*' },
silly testEngine   _engineSupported: true,
silly testEngine   _npmVersion: '1.0.106',
silly testEngine   _nodeVersion: 'v0.6.12',
silly testEngine   _defaultsLoaded: true,
silly testEngine   path: '/Users/craig/Developer/Public/node-cronworker',
silly testEngine   bundleDependencies: [] }
verbose caching package.json
verbose loadDefaults cronworker@0.0.1
verbose pack /Users/craig/Developer/Public/node-cronworker /var/folders/n1/r96x64mx6jzcbzkbz1ddrw6r0000gn/T/npm-1345554875879/1345554875879-0.2950144954957068/tmp.tgz
silly makeList /Users/craig/Developer/Public/node-cronworker
silly testEngine { name: 'async',
silly testEngine   description: 'Higher-order functions and common patterns for asynchronous code',
silly testEngine   main: './index',
silly testEngine   author: { name: 'Caolan McMahon' },
silly testEngine   version: '0.1.18',
silly testEngine   repository: { type: 'git', url: 'git://github.com/caolan/async.git' },
silly testEngine   bugs: { url: 'http://github.com/caolan/async/issues' },
silly testEngine   licenses: 
silly testEngine    [ { type: 'MIT',
silly testEngine        url: 'http://github.com/caolan/async/raw/master/LICENSE' } ],
silly testEngine   devDependencies: { nodeunit: '>0.0.0', 'uglify-js': '1.2.x', nodelint: '>0.0.0' },
silly testEngine   _npmUser: { name: 'architectd', email: 'craig.j.condon@gmail.com' },
silly testEngine   _id: 'async@0.1.18',
silly testEngine   dependencies: {},
silly testEngine   engines: { node: '*' },
silly testEngine   _engineSupported: true,
silly testEngine   _npmVersion: '1.0.106',
silly testEngine   _nodeVersion: 'v0.6.12',
silly testEngine   _defaultsLoaded: true }
verbose caching /usr/local/lib/node_modules/async/package.json
verbose loadDefaults async@0.1.18
silly testEngine { name: 'cashew',
silly testEngine   description: 'ID generator',
silly testEngine   version: '0.0.6',
silly testEngine   author: { name: 'Craig Condon' },
silly testEngine   repository: { type: 'git', url: 'git://github.com/crcn/cashew.git' },
silly testEngine   dependencies: { structr: '0.2.x' },
silly testEngine   main: './lib/index.js',
silly testEngine   _npmUser: { name: 'architectd', email: 'craig.j.condon@gmail.com' },
silly testEngine   _id: 'cashew@0.0.6',
silly testEngine   devDependencies: {},
silly testEngine   engines: { node: '*' },
silly testEngine   _engineSupported: true,
silly testEngine   _npmVersion: '1.0.106',
silly testEngine   _nodeVersion: 'v0.6.12',
silly testEngine   _defaultsLoaded: true }
verbose caching /Users/craig/Developer/Public/cashew/package.json
verbose loadDefaults cashew@0.0.6
silly testEngine { name: 'outcome',
silly testEngine   description: 'DRY error handling',
silly testEngine   author: { name: 'Craig Condon' },
silly testEngine   repository: { url: '' },
silly testEngine   version: '0.0.6',
silly testEngine   engines: { node: '*' },
silly testEngine   dependencies: {},
silly testEngine   devDependencies: {},
silly testEngine   main: './lib/index.js',
silly testEngine   _npmUser: { name: 'architectd', email: 'craig.j.condon@gmail.com' },
silly testEngine   _id: 'outcome@0.0.6',
silly testEngine   _engineSupported: true,
silly testEngine   _npmVersion: '1.0.106',
silly testEngine   _nodeVersion: 'v0.6.12',
silly testEngine   _defaultsLoaded: true }
verbose caching /Users/craig/Developer/Public/outcome.js/package.json
verbose loadDefaults outcome@0.0.6
silly testEngine { name: 'tq',
silly testEngine   description: 'tiny queue',
silly testEngine   version: '0.0.4',
silly testEngine   repository: { url: '' },
silly testEngine   engines: { node: '*' },
silly testEngine   dependencies: {},
silly testEngine   devDependencies: {},
silly testEngine   main: './lib/index.js',
silly testEngine   _npmUser: { name: 'architectd', email: 'craig.j.condon@gmail.com' },
silly testEngine   _id: 'tq@0.0.4',
silly testEngine   _engineSupported: true,
silly testEngine   _npmVersion: '1.0.106',
silly testEngine   _nodeVersion: 'v0.6.12',
silly testEngine   _defaultsLoaded: true }
verbose caching /Users/craig/Developer/Public/tq/package.json
verbose loadDefaults tq@0.0.4
silly testEngine { name: 'step',
silly testEngine   version: '0.0.5',
silly testEngine   description: 'A simple control-flow library for node.JS that makes parallel execution, serial execution, and error handling painless.',
silly testEngine   engine: [ 'node >=0.2.0' ],
silly testEngine   author: { name: 'Tim Caswell', email: 'tim@creationix.com' },
silly testEngine   repository: { type: 'git', url: 'git://github.com/creationix/step.git' },
silly testEngine   main: 'lib/step',
silly testEngine   _npmUser: { name: 'architectd', email: 'craig.j.condon@gmail.com' },
silly testEngine   _id: 'step@0.0.5',
silly testEngine   dependencies: {},
silly testEngine   devDependencies: {},
silly testEngine   engines: { node: '*' },
silly testEngine   _engineSupported: true,
silly testEngine   _npmVersion: '1.0.106',
silly testEngine   _nodeVersion: 'v0.6.12',
silly testEngine   _defaultsLoaded: true }
verbose caching /Users/craig/Developer/Contributions/step/package.json
verbose loadDefaults step@0.0.5
silly testEngine { name: 'structr',
silly testEngine   description: 'Clean OO structure for Javascript.',
silly testEngine   version: '0.2.2',
silly testEngine   author: { name: 'Craig Condon' },
silly testEngine   repository: { type: 'git', url: 'git://github.com/spiceapps/Structr.git' },
silly testEngine   main: './lib/index.js',
silly testEngine   _npmUser: { name: 'architectd', email: 'craig.j.condon@gmail.com' },
silly testEngine   _id: 'structr@0.2.2',
silly testEngine   dependencies: {},
silly testEngine   devDependencies: {},
silly testEngine   engines: { node: '*' },
silly testEngine   _engineSupported: true,
silly testEngine   _npmVersion: '1.0.106',
silly testEngine   _nodeVersion: 'v0.6.12',
silly testEngine   _defaultsLoaded: true }
verbose caching /Users/craig/Developer/Public/structr/package.json
verbose loadDefaults structr@0.2.2
verbose mkdir (expected) error ENOENT, no such file or directory '/var/folders/n1/r96x64mx6jzcbzkbz1ddrw6r0000gn/T/npm-1345554875879'
verbose mkdir (expected) error ENOENT, no such file or directory '/var/folders/n1/r96x64mx6jzcbzkbz1ddrw6r0000gn/T/npm-1345554875879/1345554875879-0.2950144954957068'
verbose mkdir done: /var/folders/n1/r96x64mx6jzcbzkbz1ddrw6r0000gn/T/npm-1345554875879/1345554875879-0.2950144954957068 755
verbose mkdir'ed /var/folders/n1/r96x64mx6jzcbzkbz1ddrw6r0000gn/T/npm-1345554875879/1345554875879-0.2950144954957068
verbose tar about to write tar and gzip it.
silly tar args [ '-czvf', '-', '-T', '-' ]
silly spawning [ 'tar',
silly spawning   [ '-czvf', '-', '-T', '-' ],
silly spawning   '/Users/craig/Developer/Public' ]
verbose mkdir (expected) error ENOENT, no such file or directory '/var/folders/n1/r96x64mx6jzcbzkbz1ddrw6r0000gn/T/npm-1345554875879/1345554875879-0.2950144954957068/contents'
verbose mkdir (expected) error ENOENT, no such file or directory '/var/folders/n1/r96x64mx6jzcbzkbz1ddrw6r0000gn/T/npm-1345554875879/1345554875879-0.2950144954957068/contents/___package.npm'
verbose mkdir done: /var/folders/n1/r96x64mx6jzcbzkbz1ddrw6r0000gn/T/npm-1345554875879/1345554875879-0.2950144954957068/contents/___package.npm 755
verbose unpack_ uid, gid [ undefined, undefined ]
verbose unpackTarget /var/folders/n1/r96x64mx6jzcbzkbz1ddrw6r0000gn/T/npm-1345554875879/1345554875879-0.2950144954957068/contents/package
silly gunzTarPerm modes [ '755', '644' ]
silly spawning [ 'tar',
silly spawning   [ '-zmvxpf',
silly spawning     '/var/folders/n1/r96x64mx6jzcbzkbz1ddrw6r0000gn/T/npm-1345554875879/1345554875879-0.2950144954957068/tmp.tgz' ],
silly spawning   '/var/folders/n1/r96x64mx6jzcbzkbz1ddrw6r0000gn/T/npm-1345554875879/1345554875879-0.2950144954957068/contents/___package.npm' ]
silly tar err x node-cronworker/package.json
silly tar err x node-cronworker/README.md
silly tar err x node-cronworker/examples/connection.js
silly tar err x node-cronworker/examples/ex1.js
silly tar err x node-cronworker/examples/server.js
silly tar err x node-cronworker/examples/worker.js
silly tar err x node-cronworker/lib/index.js
silly tar err x node-cronworker/lib/jobHandlers.js
silly tar err x node-cronworker/lib/queue.js
silly tar err x node-cronworker/lib/transports/base.js
silly tar err x node-cronworker/lib/transports/index.js
silly tar err x node-cronworker/lib/transports/mongo.js
silly tar exit 0
silly asyncMap in gTP /var/folders/n1/r96x64mx6jzcbzkbz1ddrw6r0000gn/T/npm-1345554875879/1345554875879-0.2950144954957068/contents/___package.npm/node-cronworker
silly asyncMap in gTP /var/folders/n1/r96x64mx6jzcbzkbz1ddrw6r0000gn/T/npm-1345554875879/1345554875879-0.2950144954957068/contents/___package.npm/node-cronworker/package.json
silly asyncMap in gTP /var/folders/n1/r96x64mx6jzcbzkbz1ddrw6r0000gn/T/npm-1345554875879/1345554875879-0.2950144954957068/contents/___package.npm/node-cronworker/README.md
silly asyncMap in gTP /var/folders/n1/r96x64mx6jzcbzkbz1ddrw6r0000gn/T/npm-1345554875879/1345554875879-0.2950144954957068/contents/___package.npm/node-cronworker/examples
silly asyncMap in gTP /var/folders/n1/r96x64mx6jzcbzkbz1ddrw6r0000gn/T/npm-1345554875879/1345554875879-0.2950144954957068/contents/___package.npm/node-cronworker/examples/connection.js
silly asyncMap in gTP /var/folders/n1/r96x64mx6jzcbzkbz1ddrw6r0000gn/T/npm-1345554875879/1345554875879-0.2950144954957068/contents/___package.npm/node-cronworker/examples/ex1.js
silly asyncMap in gTP /var/folders/n1/r96x64mx6jzcbzkbz1ddrw6r0000gn/T/npm-1345554875879/1345554875879-0.2950144954957068/contents/___package.npm/node-cronworker/examples/server.js
silly asyncMap in gTP /var/folders/n1/r96x64mx6jzcbzkbz1ddrw6r0000gn/T/npm-1345554875879/1345554875879-0.2950144954957068/contents/___package.npm/node-cronworker/examples/worker.js
silly asyncMap in gTP /var/folders/n1/r96x64mx6jzcbzkbz1ddrw6r0000gn/T/npm-1345554875879/1345554875879-0.2950144954957068/contents/___package.npm/node-cronworker/lib
silly asyncMap in gTP /var/folders/n1/r96x64mx6jzcbzkbz1ddrw6r0000gn/T/npm-1345554875879/1345554875879-0.2950144954957068/contents/___package.npm/node-cronworker/lib/index.js
silly asyncMap in gTP /var/folders/n1/r96x64mx6jzcbzkbz1ddrw6r0000gn/T/npm-1345554875879/1345554875879-0.2950144954957068/contents/___package.npm/node-cronworker/lib/jobHandlers.js
silly asyncMap in gTP /var/folders/n1/r96x64mx6jzcbzkbz1ddrw6r0000gn/T/npm-1345554875879/1345554875879-0.2950144954957068/contents/___package.npm/node-cronworker/lib/queue.js
silly asyncMap in gTP /var/folders/n1/r96x64mx6jzcbzkbz1ddrw6r0000gn/T/npm-1345554875879/1345554875879-0.2950144954957068/contents/___package.npm/node-cronworker/lib/transports
silly asyncMap in gTP /var/folders/n1/r96x64mx6jzcbzkbz1ddrw6r0000gn/T/npm-1345554875879/1345554875879-0.2950144954957068/contents/___package.npm/node-cronworker/lib/transports/base.js
silly asyncMap in gTP /var/folders/n1/r96x64mx6jzcbzkbz1ddrw6r0000gn/T/npm-1345554875879/1345554875879-0.2950144954957068/contents/___package.npm/node-cronworker/lib/transports/index.js
silly asyncMap in gTP /var/folders/n1/r96x64mx6jzcbzkbz1ddrw6r0000gn/T/npm-1345554875879/1345554875879-0.2950144954957068/contents/___package.npm/node-cronworker/lib/transports/mongo.js
verbose gunzed /var/folders/n1/r96x64mx6jzcbzkbz1ddrw6r0000gn/T/npm-1345554875879/1345554875879-0.2950144954957068/contents/___package.npm/node-cronworker
verbose rm'ed /var/folders/n1/r96x64mx6jzcbzkbz1ddrw6r0000gn/T/npm-1345554875879/1345554875879-0.2950144954957068/contents/package
verbose renamed [ '/var/folders/n1/r96x64mx6jzcbzkbz1ddrw6r0000gn/T/npm-1345554875879/1345554875879-0.2950144954957068/contents/___package.npm/node-cronworker',
verbose renamed   '/var/folders/n1/r96x64mx6jzcbzkbz1ddrw6r0000gn/T/npm-1345554875879/1345554875879-0.2950144954957068/contents/package' ]
silly testEngine { author: { name: 'Craig Condon' },
silly testEngine   name: 'cronworker',
silly testEngine   description: 'cron tabs + node jobs',
silly testEngine   version: '0.0.1',
silly testEngine   repository: 
silly testEngine    { type: 'git',
silly testEngine      url: 'git://github.com/crcn/node-cronworker.git' },
silly testEngine   main: './lib/index.js',
silly testEngine   dependencies: 
silly testEngine    { async: '0.1.x',
silly testEngine      structr: '0.2.x',
silly testEngine      tq: '0.0.x',
silly testEngine      step: '0.0.x',
silly testEngine      mongoose: '2.6.x',
silly testEngine      outcome: '0.0.x',
silly testEngine      cashew: '0.0.x' },
silly testEngine   devDependencies: {},
silly testEngine   _npmUser: { name: 'architectd', email: 'craig.j.condon@gmail.com' },
silly testEngine   _id: 'cronworker@0.0.1',
silly testEngine   engines: { node: '*' },
silly testEngine   _engineSupported: true,
silly testEngine   _npmVersion: '1.0.106',
silly testEngine   _nodeVersion: 'v0.6.12',
silly testEngine   _defaultsLoaded: true,
silly testEngine   path: '/var/folders/n1/r96x64mx6jzcbzkbz1ddrw6r0000gn/T/npm-1345554875879/1345554875879-0.2950144954957068/contents/package' }
verbose caching /var/folders/n1/r96x64mx6jzcbzkbz1ddrw6r0000gn/T/npm-1345554875879/1345554875879-0.2950144954957068/contents/package/package.json
verbose loadDefaults cronworker@0.0.1
verbose tarball contents [ 'package' ]
verbose from cache /var/folders/n1/r96x64mx6jzcbzkbz1ddrw6r0000gn/T/npm-1345554875879/1345554875879-0.2950144954957068/contents/package/package.json
verbose pack /var/folders/n1/r96x64mx6jzcbzkbz1ddrw6r0000gn/T/npm-1345554875879/1345554875879-0.2950144954957068/contents/package /Users/craig/.npm/cronworker/0.0.1/package.tgz
silly makeList /var/folders/n1/r96x64mx6jzcbzkbz1ddrw6r0000gn/T/npm-1345554875879/1345554875879-0.2950144954957068/contents/package
verbose mkdir'ed /Users/craig/.npm/cronworker/0.0.1
verbose tar about to write tar and gzip it.
silly tar args [ '-czvf', '-', '-T', '-' ]
silly spawning [ 'tar',
silly spawning   [ '-czvf', '-', '-T', '-' ],
silly spawning   '/var/folders/n1/r96x64mx6jzcbzkbz1ddrw6r0000gn/T/npm-1345554875879/1345554875879-0.2950144954957068/contents' ]
verbose mkdir (expected) error ENOENT, no such file or directory '/Users/craig/.npm/cronworker/0.0.1/___package.npm'
verbose mkdir done: /Users/craig/.npm/cronworker/0.0.1/___package.npm 755
verbose unpack_ uid, gid [ undefined, undefined ]
verbose unpackTarget /Users/craig/.npm/cronworker/0.0.1/package
silly gunzTarPerm modes [ '755', '644' ]
silly spawning [ 'tar',
silly spawning   [ '-zmvxpf', '/Users/craig/.npm/cronworker/0.0.1/package.tgz' ],
silly spawning   '/Users/craig/.npm/cronworker/0.0.1/___package.npm' ]
silly tar err x package/README.md
silly tar err x package/package.json
silly tar err x package/examples/connection.js
silly tar err x package/examples/ex1.js
silly tar err x package/examples/server.js
silly tar err x package/examples/worker.js
silly tar err x package/lib/index.js
silly tar err x package/lib/jobHandlers.js
silly tar err x package/lib/queue.js
silly tar err x package/lib/transports/base.js
silly tar err x package/lib/transports/index.js
silly tar err x package/lib/transports/mongo.js
silly tar exit 0
silly asyncMap in gTP /Users/craig/.npm/cronworker/0.0.1/___package.npm/package
silly asyncMap in gTP /Users/craig/.npm/cronworker/0.0.1/___package.npm/package/package.json
silly asyncMap in gTP /Users/craig/.npm/cronworker/0.0.1/___package.npm/package/README.md
silly asyncMap in gTP /Users/craig/.npm/cronworker/0.0.1/___package.npm/package/examples
silly asyncMap in gTP /Users/craig/.npm/cronworker/0.0.1/___package.npm/package/examples/connection.js
silly asyncMap in gTP /Users/craig/.npm/cronworker/0.0.1/___package.npm/package/examples/ex1.js
silly asyncMap in gTP /Users/craig/.npm/cronworker/0.0.1/___package.npm/package/examples/server.js
silly asyncMap in gTP /Users/craig/.npm/cronworker/0.0.1/___package.npm/package/examples/worker.js
silly asyncMap in gTP /Users/craig/.npm/cronworker/0.0.1/___package.npm/package/lib
silly asyncMap in gTP /Users/craig/.npm/cronworker/0.0.1/___package.npm/package/lib/index.js
silly asyncMap in gTP /Users/craig/.npm/cronworker/0.0.1/___package.npm/package/lib/jobHandlers.js
silly asyncMap in gTP /Users/craig/.npm/cronworker/0.0.1/___package.npm/package/lib/queue.js
silly asyncMap in gTP /Users/craig/.npm/cronworker/0.0.1/___package.npm/package/lib/transports
silly asyncMap in gTP /Users/craig/.npm/cronworker/0.0.1/___package.npm/package/lib/transports/base.js
silly asyncMap in gTP /Users/craig/.npm/cronworker/0.0.1/___package.npm/package/lib/transports/index.js
silly asyncMap in gTP /Users/craig/.npm/cronworker/0.0.1/___package.npm/package/lib/transports/mongo.js
verbose gunzed /Users/craig/.npm/cronworker/0.0.1/___package.npm/package
verbose rm'ed /Users/craig/.npm/cronworker/0.0.1/package
verbose renamed [ '/Users/craig/.npm/cronworker/0.0.1/___package.npm/package',
verbose renamed   '/Users/craig/.npm/cronworker/0.0.1/package' ]
silly testEngine { author: { name: 'Craig Condon' },
silly testEngine   name: 'cronworker',
silly testEngine   description: 'cron tabs + node jobs',
silly testEngine   version: '0.0.1',
silly testEngine   repository: 
silly testEngine    { type: 'git',
silly testEngine      url: 'git://github.com/crcn/node-cronworker.git' },
silly testEngine   main: './lib/index.js',
silly testEngine   dependencies: 
silly testEngine    { async: '0.1.x',
silly testEngine      structr: '0.2.x',
silly testEngine      tq: '0.0.x',
silly testEngine      step: '0.0.x',
silly testEngine      mongoose: '2.6.x',
silly testEngine      outcome: '0.0.x',
silly testEngine      cashew: '0.0.x' },
silly testEngine   devDependencies: {},
silly testEngine   _npmUser: { name: 'architectd', email: 'craig.j.condon@gmail.com' },
silly testEngine   _id: 'cronworker@0.0.1',
silly testEngine   engines: { node: '*' },
silly testEngine   _engineSupported: true,
silly testEngine   _npmVersion: '1.0.106',
silly testEngine   _nodeVersion: 'v0.6.12',
silly testEngine   _defaultsLoaded: true,
silly testEngine   dist: 
silly testEngine    { shasum: 'fb83cbc1d977b918f03bfe5d6618abffb612e941',
silly testEngine      tarball: 'http://registry.npmjs.org/cronworker/-/cronworker-0.0.1.tgz' } }
verbose caching /Users/craig/.npm/cronworker/0.0.1/package/package.json
verbose loadDefaults cronworker@0.0.1
silly updated sha bytes 10240
info shasum fb83cbc1d977b918f03bfe5d6618abffb612e941
info shasum /Users/craig/.npm/cronworker/0.0.1/package.tgz
verbose from cache /Users/craig/.npm/cronworker/0.0.1/package/package.json
verbose chmod /Users/craig/.npm/cronworker/0.0.1/package.tgz 644
verbose chown [ '/Users/craig/.npm/cronworker/0.0.1/package.tgz', 501, 20 ]
silly publish { author: { name: 'Craig Condon' },
silly publish   name: 'cronworker',
silly publish   description: 'cron tabs + node jobs',
silly publish   version: '0.0.1',
silly publish   repository: 
silly publish    { type: 'git',
silly publish      url: 'git://github.com/crcn/node-cronworker.git' },
silly publish   main: './lib/index.js',
silly publish   dependencies: 
silly publish    { async: '0.1.x',
silly publish      structr: '0.2.x',
silly publish      tq: '0.0.x',
silly publish      step: '0.0.x',
silly publish      mongoose: '2.6.x',
silly publish      outcome: '0.0.x',
silly publish      cashew: '0.0.x' },
silly publish   devDependencies: {},
silly publish   _npmUser: { name: 'architectd', email: 'craig.j.condon@gmail.com' },
silly publish   _id: 'cronworker@0.0.1',
silly publish   engines: { node: '*' },
silly publish   _engineSupported: true,
silly publish   _npmVersion: '1.0.106',
silly publish   _nodeVersion: 'v0.6.12',
silly publish   _defaultsLoaded: true,
silly publish   dist: 
silly publish    { shasum: 'fb83cbc1d977b918f03bfe5d6618abffb612e941',
silly publish      tarball: 'http://registry.npmjs.org/cronworker/-/cronworker-0.0.1.tgz' } }
verbose PUT cronworker
verbose raw, before any munging cronworker
verbose url resolving [ 'https://registry.npmjs.org/', './cronworker' ]
verbose url resolved https://registry.npmjs.org/cronworker
verbose GET cronworker
verbose raw, before any munging cronworker
verbose url resolving [ 'https://registry.npmjs.org/', './cronworker' ]
verbose url resolved https://registry.npmjs.org/cronworker
info Already published cronworker@0.0.1
verbose uploading bin dists []
ERR! publish fail Cannot publish over existing version.
ERR! publish fail Bump the 'version' field, set the --force flag, or
ERR! publish fail     npm unpublish 'cronworker@0.0.1'
ERR! publish fail and try again
ERR! 
ERR! System Darwin 12.0.0
ERR! command "node" "/usr/local/bin/npm" "publish"
ERR! cwd /Users/craig/Developer/Public/node-cronworker
ERR! node -v v0.6.12
ERR! npm -v 1.0.106
ERR! code EPUBLISHCONFLICT
verbose exit [ 1, true ]
